<?xml version="1.0" encoding="UTF-8"?>
<testng-results skipped="0" failed="0" total="2" passed="2">
  <reporter-output>
  </reporter-output>
  <suite name="Default suite" duration-ms="24" started-at="2016-10-24T09:04:47Z" finished-at="2016-10-24T09:04:47Z">
    <groups>
    </groups>
    <test name="Default test" duration-ms="24" started-at="2016-10-24T09:04:47Z" finished-at="2016-10-24T09:04:47Z">
      <class name="testNG_Training.MoneyTest">
        <test-method status="PASS" signature="constructorShouldSetAmountAndCurrency(int, java.lang.String)[pri:0, instance:testNG_Training.MoneyTest@2669b199]" name="constructorShouldSetAmountAndCurrency" duration-ms="10" started-at="2016-10-24T16:04:47Z" data-provider="getMoney" finished-at="2016-10-24T16:04:47Z">
          <params>
            <param index="0">
              <value>
                <![CDATA[10]]>
              </value>
            </param>
            <param index="1">
              <value>
                <![CDATA[USD]]>
              </value>
            </param>
          </params>
          <reporter-output>
          </reporter-output>
        </test-method> <!-- constructorShouldSetAmountAndCurrency -->
        <test-method status="PASS" signature="constructorShouldSetAmountAndCurrency(int, java.lang.String)[pri:0, instance:testNG_Training.MoneyTest@2669b199]" name="constructorShouldSetAmountAndCurrency" duration-ms="1" started-at="2016-10-24T16:04:47Z" data-provider="getMoney" finished-at="2016-10-24T16:04:47Z">
          <params>
            <param index="0">
              <value>
                <![CDATA[20]]>
              </value>
            </param>
            <param index="1">
              <value>
                <![CDATA[EUR]]>
              </value>
            </param>
          </params>
          <reporter-output>
          </reporter-output>
        </test-method> <!-- constructorShouldSetAmountAndCurrency -->
      </class> <!-- testNG_Training.MoneyTest -->
    </test> <!-- Default test -->
  </suite> <!-- Default suite -->
</testng-results>
